#
# There is insufficient memory for the Java Runtime Environment to continue.
# Native memory allocation (malloc) failed to allocate 2147483648 bytes for committing reserved memory.
# Possible reasons:
#   The system is out of physical RAM or swap space
#   In 32 bit mode, the process size limit was hit
# Possible solutions:
#   Reduce memory load on the system
#   Increase physical memory or swap space
#   Check if swap backing store is full
#   Use 64 bit Java on a 64 bit OS
#   Decrease Java heap size (-Xmx/-Xms)
#   Decrease number of Java threads
#   Decrease Java thread stack sizes (-Xss)
#   Set larger code cache with -XX:ReservedCodeCacheSize=
# This output file may be truncated or incomplete.
#
#  Out of Memory Error (os_linux.cpp:2726), pid=65354, tid=139824724702976
#
# JRE version:  (7.0_51-b13) (build )
# Java VM: Java HotSpot(TM) 64-Bit Server VM (24.51-b03 mixed mode linux-amd64 compressed oops)
# Failed to write core dump. Core dumps have been disabled. To enable core dumping, try "ulimit -c unlimited" before starting Java again
#

---------------  T H R E A D  ---------------

Current thread (0x00007f2b7400a000):  JavaThread "Unknown thread" [_thread_in_vm, id=65355, stack(0x00007f2b7aff8000,0x00007f2b7b0c0000)]

Stack: [0x00007f2b7aff8000,0x00007f2b7b0c0000],  sp=0x00007f2b7b0be250,  free space=792k
Native frames: (J=compiled Java code, j=interpreted, Vv=VM code, C=native code)
V  [libjvm.so+0x992f4a]  VMError::report_and_die()+0x2ea
V  [libjvm.so+0x4931ab]  report_vm_out_of_memory(char const*, int, unsigned long, char const*)+0x9b
V  [libjvm.so+0x81338e]  os::Linux::commit_memory_impl(char*, unsigned long, bool)+0xfe
V  [libjvm.so+0x81383f]  os::Linux::commit_memory_impl(char*, unsigned long, unsigned long, bool)+0x4f
V  [libjvm.so+0x813a2c]  os::pd_commit_memory(char*, unsigned long, unsigned long, bool)+0xc
V  [libjvm.so+0x80daea]  os::commit_memory(char*, unsigned long, unsigned long, bool)+0x2a
V  [libjvm.so+0x87fcd3]  PSVirtualSpace::expand_by(unsigned long)+0x53
V  [libjvm.so+0x880c69]  PSYoungGen::initialize_virtual_space(ReservedSpace, unsigned long)+0x89
V  [libjvm.so+0x8815e0]  PSYoungGen::initialize(ReservedSpace, unsigned long)+0x50
V  [libjvm.so+0x298fd7]  AdjoiningGenerations::AdjoiningGenerations(ReservedSpace, unsigned long, unsigned long, unsigned long, unsigned long, unsigned long, unsigned long, unsigned long)+0x377
V  [libjvm.so+0x8341e0]  ParallelScavengeHeap::initialize()+0x550
V  [libjvm.so+0x9664ca]  Universe::initialize_heap()+0xca
V  [libjvm.so+0x967699]  universe_init()+0x79
V  [libjvm.so+0x5a9625]  init_globals()+0x65
V  [libjvm.so+0x94ef8d]  Threads::create_vm(JavaVMInitArgs*, bool*)+0x1ed
V  [libjvm.so+0x6307e4]  JNI_CreateJavaVM+0x74
C  [libjli.so+0x2f8e]  JavaMain+0x9e


---------------  P R O C E S S  ---------------

Java Threads: ( => current thread )

Other Threads:

=>0x00007f2b7400a000 (exited) JavaThread "Unknown thread" [_thread_in_vm, id=65355, stack(0x00007f2b7aff8000,0x00007f2b7b0c0000)]

VM state:not at safepoint (not fully initialized)

VM Mutex/Monitor currently owned by a thread: None

GC Heap History (0 events):
No events

Deoptimization events (0 events):
No events

Internal exceptions (0 events):
No events

Events (0 events):
No events


Dynamic libraries:
00400000-00401000 r-xp 00000000 fd:01 3384451                            /d01/jdk1.7.0_51/bin/java
00600000-00601000 rw-p 00000000 fd:01 3384451                            /d01/jdk1.7.0_51/bin/java
011dc000-011fd000 rw-p 00000000 00:00 0                                  [heap]
6d0000000-780000000 rw-p 00000000 00:00 0 
7f2b7067f000-7f2b70fff000 rw-p 00000000 00:00 0 
7f2b70fff000-7f2b71000000 rw-p 00000000 00:00 0 
7f2b71000000-7f2b71270000 rwxp 00000000 00:00 0 
7f2b71270000-7f2b74025000 rw-p 00000000 00:00 0 
7f2b74025000-7f2b78000000 ---p 00000000 00:00 0 
7f2b78697000-7f2b788dc000 rw-p 00000000 00:00 0 
7f2b788dc000-7f2b788f6000 r-xp 00000000 fd:01 981219                     /d01/jdk1.7.0_51/jre/lib/amd64/libzip.so
7f2b788f6000-7f2b78af6000 ---p 0001a000 fd:01 981219                     /d01/jdk1.7.0_51/jre/lib/amd64/libzip.so
7f2b78af6000-7f2b78af7000 rw-p 0001a000 fd:01 981219                     /d01/jdk1.7.0_51/jre/lib/amd64/libzip.so
7f2b78af7000-7f2b78b03000 r-xp 00000000 fd:01 68038304                   /usr/lib64/libnss_files-2.17.so
7f2b78b03000-7f2b78d02000 ---p 0000c000 fd:01 68038304                   /usr/lib64/libnss_files-2.17.so
7f2b78d02000-7f2b78d03000 r--p 0000b000 fd:01 68038304                   /usr/lib64/libnss_files-2.17.so
7f2b78d03000-7f2b78d04000 rw-p 0000c000 fd:01 68038304                   /usr/lib64/libnss_files-2.17.so
7f2b78d04000-7f2b78d0a000 rw-p 00000000 00:00 0 
7f2b78d0a000-7f2b78d33000 r-xp 00000000 fd:01 975266                     /d01/jdk1.7.0_51/jre/lib/amd64/libjava.so
7f2b78d33000-7f2b78f33000 ---p 00029000 fd:01 975266                     /d01/jdk1.7.0_51/jre/lib/amd64/libjava.so
7f2b78f33000-7f2b78f35000 rw-p 00029000 fd:01 975266                     /d01/jdk1.7.0_51/jre/lib/amd64/libjava.so
7f2b78f35000-7f2b78f42000 r-xp 00000000 fd:01 975280                     /d01/jdk1.7.0_51/jre/lib/amd64/libverify.so
7f2b78f42000-7f2b79141000 ---p 0000d000 fd:01 975280                     /d01/jdk1.7.0_51/jre/lib/amd64/libverify.so
7f2b79141000-7f2b79143000 rw-p 0000c000 fd:01 975280                     /d01/jdk1.7.0_51/jre/lib/amd64/libverify.so
7f2b79143000-7f2b7914a000 r-xp 00000000 fd:01 67165020                   /usr/lib64/librt-2.17.so
7f2b7914a000-7f2b79349000 ---p 00007000 fd:01 67165020                   /usr/lib64/librt-2.17.so
7f2b79349000-7f2b7934a000 r--p 00006000 fd:01 67165020                   /usr/lib64/librt-2.17.so
7f2b7934a000-7f2b7934b000 rw-p 00007000 fd:01 67165020                   /usr/lib64/librt-2.17.so
7f2b7934b000-7f2b7944c000 r-xp 00000000 fd:01 68038293                   /usr/lib64/libm-2.17.so
7f2b7944c000-7f2b7964b000 ---p 00101000 fd:01 68038293                   /usr/lib64/libm-2.17.so
7f2b7964b000-7f2b7964c000 r--p 00100000 fd:01 68038293                   /usr/lib64/libm-2.17.so
7f2b7964c000-7f2b7964d000 rw-p 00101000 fd:01 68038293                   /usr/lib64/libm-2.17.so
7f2b7964d000-7f2b7a1af000 r-xp 00000000 fd:01 68504462                   /d01/jdk1.7.0_51/jre/lib/amd64/server/libjvm.so
7f2b7a1af000-7f2b7a3af000 ---p 00b62000 fd:01 68504462                   /d01/jdk1.7.0_51/jre/lib/amd64/server/libjvm.so
7f2b7a3af000-7f2b7a472000 rw-p 00b62000 fd:01 68504462                   /d01/jdk1.7.0_51/jre/lib/amd64/server/libjvm.so
7f2b7a472000-7f2b7a4b3000 rw-p 00000000 00:00 0 
7f2b7a4b3000-7f2b7a66a000 r-xp 00000000 fd:01 68249946                   /usr/lib64/libc-2.17.so
7f2b7a66a000-7f2b7a86a000 ---p 001b7000 fd:01 68249946                   /usr/lib64/libc-2.17.so
7f2b7a86a000-7f2b7a86e000 r--p 001b7000 fd:01 68249946                   /usr/lib64/libc-2.17.so
7f2b7a86e000-7f2b7a870000 rw-p 001bb000 fd:01 68249946                   /usr/lib64/libc-2.17.so
7f2b7a870000-7f2b7a875000 rw-p 00000000 00:00 0 
7f2b7a875000-7f2b7a878000 r-xp 00000000 fd:01 68038291                   /usr/lib64/libdl-2.17.so
7f2b7a878000-7f2b7aa77000 ---p 00003000 fd:01 68038291                   /usr/lib64/libdl-2.17.so
7f2b7aa77000-7f2b7aa78000 r--p 00002000 fd:01 68038291                   /usr/lib64/libdl-2.17.so
7f2b7aa78000-7f2b7aa79000 rw-p 00003000 fd:01 68038291                   /usr/lib64/libdl-2.17.so
7f2b7aa79000-7f2b7aa8f000 r-xp 00000000 fd:01 34267025                   /d01/jdk1.7.0_51/lib/amd64/jli/libjli.so
7f2b7aa8f000-7f2b7ac8f000 ---p 00016000 fd:01 34267025                   /d01/jdk1.7.0_51/lib/amd64/jli/libjli.so
7f2b7ac8f000-7f2b7ac90000 rw-p 00016000 fd:01 34267025                   /d01/jdk1.7.0_51/lib/amd64/jli/libjli.so
7f2b7ac90000-7f2b7aca6000 r-xp 00000000 fd:01 68249949                   /usr/lib64/libpthread-2.17.so
7f2b7aca6000-7f2b7aea6000 ---p 00016000 fd:01 68249949                   /usr/lib64/libpthread-2.17.so
7f2b7aea6000-7f2b7aea7000 r--p 00016000 fd:01 68249949                   /usr/lib64/libpthread-2.17.so
7f2b7aea7000-7f2b7aea8000 rw-p 00017000 fd:01 68249949                   /usr/lib64/libpthread-2.17.so
7f2b7aea8000-7f2b7aeac000 rw-p 00000000 00:00 0 
7f2b7aeac000-7f2b7aecd000 r-xp 00000000 fd:01 67163305                   /usr/lib64/ld-2.17.so
7f2b7af30000-7f2b7af3a000 rw-p 00000000 00:00 0 
7f2b7af3a000-7f2b7aff0000 rw-p 00000000 00:00 0 
7f2b7aff0000-7f2b7aff8000 rw-s 00000000 fd:01 269777601                  /tmp/hsperfdata_jboss/65354
7f2b7aff8000-7f2b7affb000 ---p 00000000 00:00 0 
7f2b7affb000-7f2b7b0c4000 rw-p 00000000 00:00 0                          [stack:65355]
7f2b7b0c8000-7f2b7b0cb000 rw-p 00000000 00:00 0 
7f2b7b0cb000-7f2b7b0cc000 r--p 00000000 00:00 0 
7f2b7b0cc000-7f2b7b0cd000 rw-p 00000000 00:00 0 
7f2b7b0cd000-7f2b7b0ce000 r--p 00021000 fd:01 67163305                   /usr/lib64/ld-2.17.so
7f2b7b0ce000-7f2b7b0cf000 rw-p 00022000 fd:01 67163305                   /usr/lib64/ld-2.17.so
7f2b7b0cf000-7f2b7b0d0000 rw-p 00000000 00:00 0 
7fff77f4b000-7fff77f6d000 rw-p 00000000 00:00 0                          [stack]
7fff77ffe000-7fff78000000 r-xp 00000000 00:00 0                          [vdso]
ffffffffff600000-ffffffffff601000 r-xp 00000000 00:00 0                  [vsyscall]

VM Arguments:
jvm_args: -D[Standalone] -XX:+UseCompressedOops -XX:-TieredCompilation -Xms4096m -Xmx4096m -XX:PermSize=768m -XX:MaxPermSize=768m -XX:NewSize=2048m -XX:MaxNewSize=2048m -Xss800k -XX:+UseParallelGC -XX:+UseParallelOldGC -XX:ParallelGCThreads=2 -Djava.net.preferIPv4Stack=true -Dorg.jboss.resolver.warning=true -Dsun.rmi.dgc.client.gcInterval=3600000 -Dsun.rmi.dgc.server.gcInterval=3600000 -Xloggc:/d01/jboss-as-7.1.1.Final/gc/jvm_gc.log -verbose:gc -XX:+PrintGCDateStamps -XX:+PrintGCDetails -XX:+PrintTenuringDistribution -XX:+HeapDumpOnOutOfMemoryError -XX:HeapDumpPath=/d01/jboss-as-7.1.1.Final/gc/heapdump.dump -XX:+PrintClassHistogramAfterFullGC -XX:+PrintClassHistogramBeforeFullGC -XX:+UseGCLogFileRotation -XX:NumberOfGCLogFiles=1000 -XX:GCLogFileSize=5M -DENVIRONMENT=postgresql -Dbatch.data.source.init=false -Djboss.modules.system.pkgs=org.jboss.byteman -Djava.awt.headless=true -Djboss.server.default.config=standalone.xml -Dorg.jboss.boot.log.file=/d01/jboss-as-7.1.1.Final/standalone/log/boot.log -Dlogging.configuration=file:/d01/jboss-as-7.1.1.Final/standalone/configuration/logging.properties 
java_command: /d01/jboss-as-7.1.1.Final/jboss-modules.jar -mp /d01/jboss-as-7.1.1.Final/modules -jaxpmodule javax.xml.jaxp-provider org.jboss.as.standalone -Djboss.home.dir=/d01/jboss-as-7.1.1.Final -b 0.0.0.0 -c standalone-full.xml -Dcom.amazonaws.sdk.disableCertChecking=true -DPP_CONFIG_HOME=/d01/jboss-as-7.1.1.Final/pp_config -Djavamelody.datasources=java:/wlpiPool -DPP_CACERT_PATH=/d01/jboss-as-7.1.1.Final/pp_config/config/security/Cacerts_Jamcracker -Djavax.net.ssl.keyStore=/d01/jboss-as-7.1.1.Final/pp_config/config/security/Cacerts_Jamcracker -Djavax.net.ssl.trustStore=/d01/jboss-as-7.1.1.Final/pp_config/config/security/Cacerts_Jamcracker -Djavax.net.ssl.keyStorePassword=changeit -Djavax.net.ssl.trustStorePassword=changeit -Dmail.smtp.connectiontimeout=120000 -Dmail.smtp.timeout=120000 -DPASSPHRASE=/d01/jboss-as-7.1.1.Final/pp_config/passphrase.txt -Dorg.jboss.server.bootstrap.maxThreads=200 -Dnet.sf.ehcache.enableShutdownHook=true -Dehcache.disk.store.dir=/d01/jboss-as-7.1.1.Final/pp_config/jccachedata -DENABLE_STARTUP_JOB=Y -DACTIVITI.LOCK.EXP.TIME.IN.MS=118000000 -Dcom.sun.management.jmxremote -Dcom.sun.management.jmxremote.port=9999 -Dcom.sun.management.jmxremote.authenticate=false -Dcom.sun.management.jmxremote.ssl=false -Djava.rmi.server.hostname=172.16.9.163
Launcher Type: SUN_STANDARD

Environment Variables:
JAVA_HOME=/d01/jdk1.7.0_51
PATH=/d01/jdk1.7.0_51/bin:/d01/apache-ant-1.7.1/bin:/usr/local/bin:/bin:/usr/bin:/usr/local/sbin:/usr/sbin:/sbin:/d01/jboss-as-7.1.1.Final/bin:/d01/jboss-as-7.1.1.Final/bin
SHELL=/bin/bash

Signal Handlers:
SIGSEGV: [libjvm.so+0x993870], sa_mask[0]=0x7ffbfeff, sa_flags=0x10000004
SIGBUS: [libjvm.so+0x993870], sa_mask[0]=0x7ffbfeff, sa_flags=0x10000004
SIGFPE: [libjvm.so+0x8105b0], sa_mask[0]=0x7ffbfeff, sa_flags=0x10000004
SIGPIPE: [libjvm.so+0x8105b0], sa_mask[0]=0x7ffbfeff, sa_flags=0x10000004
SIGXFSZ: [libjvm.so+0x8105b0], sa_mask[0]=0x7ffbfeff, sa_flags=0x10000004
SIGILL: [libjvm.so+0x8105b0], sa_mask[0]=0x7ffbfeff, sa_flags=0x10000004
SIGUSR1: SIG_DFL, sa_mask[0]=0x00000000, sa_flags=0x00000000
SIGUSR2: [libjvm.so+0x811aa0], sa_mask[0]=0x00000000, sa_flags=0x10000004
SIGHUP: SIG_DFL, sa_mask[0]=0x00000000, sa_flags=0x00000000
SIGINT: SIG_IGN, sa_mask[0]=0x00000000, sa_flags=0x00000000
SIGTERM: SIG_DFL, sa_mask[0]=0x00000000, sa_flags=0x00000000
SIGQUIT: SIG_IGN, sa_mask[0]=0x00000000, sa_flags=0x00000000


---------------  S Y S T E M  ---------------

OS:CentOS Linux release 7.0.1406 (Core) 

uname:Linux 3.10.0-123.el7.x86_64 #1 SMP Mon Jun 30 12:09:22 UTC 2014 x86_64
libc:glibc 2.17 NPTL 2.17 
rlimit: STACK 8192k, CORE 0k, NPROC 10000, NOFILE 30000, AS infinity
load average:0.10 0.12 0.08

/proc/meminfo:
MemTotal:        7997864 kB
MemFree:          128668 kB
MemAvailable:      84828 kB
Buffers:               0 kB
Cached:            52800 kB
SwapCached:       115648 kB
Active:          6102952 kB
Inactive:        1241788 kB
Active(anon):    6081096 kB
Inactive(anon):  1216692 kB
Active(file):      21856 kB
Inactive(file):    25096 kB
Unevictable:           0 kB
Mlocked:               0 kB
SwapTotal:       3145724 kB
SwapFree:          92820 kB
Dirty:                16 kB
Writeback:            12 kB
AnonPages:       7177940 kB
Mapped:            16824 kB
Shmem:              5832 kB
Slab:             148068 kB
SReclaimable:      34296 kB
SUnreclaim:       113772 kB
KernelStack:       10776 kB
PageTables:       231628 kB
NFS_Unstable:          0 kB
Bounce:                0 kB
WritebackTmp:          0 kB
CommitLimit:     7144656 kB
Committed_AS:   11053872 kB
VmallocTotal:   34359738367 kB
VmallocUsed:      175692 kB
VmallocChunk:   34359557656 kB
HardwareCorrupted:     0 kB
AnonHugePages:   3717120 kB
HugePages_Total:       0
HugePages_Free:        0
HugePages_Rsvd:        0
HugePages_Surp:        0
Hugepagesize:       2048 kB
DirectMap4k:       53120 kB
DirectMap2M:     8335360 kB


CPU:total 2 (1 cores per cpu, 1 threads per core) family 6 model 44 stepping 2, cmov, cx8, fxsr, mmx, sse, sse2, sse3, ssse3, sse4.1, sse4.2, popcnt, aes, tsc, tscinvbit, tscinv

/proc/cpuinfo:
processor	: 0
vendor_id	: GenuineIntel
cpu family	: 6
model		: 44
model name	: Intel(R) Xeon(R) CPU           E5645  @ 2.40GHz
stepping	: 2
microcode	: 0x13
cpu MHz		: 2394.000
cache size	: 12288 KB
physical id	: 0
siblings	: 1
core id		: 0
cpu cores	: 1
apicid		: 0
initial apicid	: 0
fpu		: yes
fpu_exception	: yes
cpuid level	: 11
wp		: yes
flags		: fpu vme de pse tsc msr pae mce cx8 apic sep mtrr pge mca cmov pat pse36 clflush dts mmx fxsr sse sse2 ss syscall nx rdtscp lm constant_tsc arch_perfmon pebs bts nopl xtopology tsc_reliable nonstop_tsc aperfmperf pni pclmulqdq ssse3 cx16 sse4_1 sse4_2 x2apic popcnt tsc_deadline_timer aes hypervisor lahf_lm ida arat dtherm tsc_adjust
bogomips	: 4788.00
clflush size	: 64
cache_alignment	: 64
address sizes	: 42 bits physical, 48 bits virtual
power management:

processor	: 1
vendor_id	: GenuineIntel
cpu family	: 6
model		: 44
model name	: Intel(R) Xeon(R) CPU           E5645  @ 2.40GHz
stepping	: 2
microcode	: 0x13
cpu MHz		: 2394.000
cache size	: 12288 KB
physical id	: 2
siblings	: 1
core id		: 0
cpu cores	: 1
apicid		: 2
initial apicid	: 2
fpu		: yes
fpu_exception	: yes
cpuid level	: 11
wp		: yes
flags		: fpu vme de pse tsc msr pae mce cx8 apic sep mtrr pge mca cmov pat pse36 clflush dts mmx fxsr sse sse2 ss syscall nx rdtscp lm constant_tsc arch_perfmon pebs bts nopl xtopology tsc_reliable nonstop_tsc aperfmperf pni pclmulqdq ssse3 cx16 sse4_1 sse4_2 x2apic popcnt tsc_deadline_timer aes hypervisor lahf_lm ida arat dtherm tsc_adjust
bogomips	: 4788.00
clflush size	: 64
cache_alignment	: 64
address sizes	: 42 bits physical, 48 bits virtual
power management:



Memory: 4k page, physical 7997864k(128668k free), swap 3145724k(92820k free)

vm_info: Java HotSpot(TM) 64-Bit Server VM (24.51-b03) for linux-amd64 JRE (1.7.0_51-b13), built on Dec 18 2013 18:48:01 by "java_re" with gcc 4.3.0 20080428 (Red Hat 4.3.0-8)

time: Tue Aug 16 09:54:19 2016
elapsed time: 0 seconds

